<?xml version="1.0" encoding="UTF-8"?>
<testng-results skipped="0" failed="0" ignored="0" total="1" passed="1">
  <reporter-output>
  </reporter-output>
  <suite name="Default suite" duration-ms="3276" started-at="2018-03-13T22:08:31Z" finished-at="2018-03-13T22:08:34Z">
    <groups>
    </groups>
    <test name="Default test" duration-ms="3276" started-at="2018-03-13T22:08:31Z" finished-at="2018-03-13T22:08:34Z">
      <class name="com.us_spending.tests.PageLoad">
        <test-method status="PASS" signature="setUp(java.lang.String)[pri:0, instance:com.us_spending.tests.PageLoad@6767c1fc]" name="setUp" is-config="true" duration-ms="3252" started-at="2018-03-13T18:08:31Z" finished-at="2018-03-13T18:08:34Z">
          <params>
            <param index="0">
              <value is-null="true"/>
            </param>
          </params>
          <reporter-output>
          </reporter-output>
        </test-method> <!-- setUp -->
        <test-method status="PASS" signature="pageLoad()[pri:0, instance:com.us_spending.tests.PageLoad@6767c1fc]" name="pageLoad" duration-ms="8" started-at="2018-03-13T18:08:34Z" finished-at="2018-03-13T18:08:34Z">
          <reporter-output>
          </reporter-output>
        </test-method> <!-- pageLoad -->
      </class> <!-- com.us_spending.tests.PageLoad -->
    </test> <!-- Default test -->
  </suite> <!-- Default suite -->
</testng-results>
